<?xml version="1.0" encoding="UTF-8"?>
<!-- Generated by org.testng.reporters.JUnitXMLReporter -->
<testsuite ignored="1" hostname="Megas-MacBook-Pro.local" failures="2" tests="3" name="Test" time="377.553" errors="0" timestamp="2020-10-13T01:47:54 IST">
  <testcase classname="GetMega.MegaAppium.AppLogin" name="Login" time="377.518"/>
  <testcase classname="GetMega.MegaAppium.DepositCash" name="deposit" time="0.0">
    <failure type="org.testng.TestNGException" message="
Cannot inject @Test annotated Method [deposit] with [class io.appium.java_client.android.AndroidDriver, class org.openqa.selenium.support.ui.WebDriverWait].
For more information on native dependency injection please refer to https://testng.org/doc/documentation-main.html#native-dependency-injection">
      <![CDATA[org.testng.TestNGException: 
Cannot inject @Test annotated Method [deposit] with [class io.appium.java_client.android.AndroidDriver, class org.openqa.selenium.support.ui.WebDriverWait].
For more information on native dependency injection please refer to https://testng.org/doc/documentation-main.html#native-dependency-injection
at java.base/java.util.ArrayList.forEach(ArrayList.java:1507)
... Removed 26 stack frames]]>
    </failure>
  </testcase> <!-- deposit -->
  <testcase classname="GetMega.MegaAppium.AppWithdrawal" name="withdrawal" time="0.0">
    <failure type="org.testng.TestNGException" message="
Cannot inject @Test annotated Method [withdrawal] with [class io.appium.java_client.android.AndroidDriver, class org.openqa.selenium.support.ui.WebDriverWait].
For more information on native dependency injection please refer to https://testng.org/doc/documentation-main.html#native-dependency-injection">
      <![CDATA[org.testng.TestNGException: 
Cannot inject @Test annotated Method [withdrawal] with [class io.appium.java_client.android.AndroidDriver, class org.openqa.selenium.support.ui.WebDriverWait].
For more information on native dependency injection please refer to https://testng.org/doc/documentation-main.html#native-dependency-injection
at java.base/java.util.ArrayList.forEach(ArrayList.java:1507)
... Removed 26 stack frames]]>
    </failure>
  </testcase> <!-- withdrawal -->
  <testcase classname="GetMega.MegaAppium.Logout" name="Applogout" time="0.0">
    <ignored/>
  </testcase> <!-- Applogout -->
</testsuite> <!-- Test -->
