<?xml version="1.0" encoding="UTF-8"?>
<testng-results ignored="0" total="1" passed="1" failed="0" skipped="0">
  <reporter-output>
  </reporter-output>
  <suite started-at="2021-05-17T10:58:46 IST" name="Suite" finished-at="2021-05-17T11:09:38 IST" duration-ms="651955">
    <groups>
    </groups>
    <test started-at="2021-05-17T10:58:46 IST" name="Prod Sanity" finished-at="2021-05-17T11:09:38 IST" duration-ms="651955">
      <class name="GetMega.MegaAppium.ProdAppLogin">
        <test-method signature="Login()[pri:0, instance:GetMega.MegaAppium.ProdAppLogin@5cee5251]" started-at="2021-05-17T10:58:46 IST" name="Login" finished-at="2021-05-17T11:09:38 IST" duration-ms="651928" status="PASS">
          <reporter-output>
          </reporter-output>
        </test-method> <!-- Login -->
      </class> <!-- GetMega.MegaAppium.ProdAppLogin -->
    </test> <!-- Prod Sanity -->
  </suite> <!-- Suite -->
</testng-results>
